Processing Revenue.input
View: Number
+--------------------+
| number             |
+--------------------+
| 2006:(12,16)       |
| 18:(140,142)       |
| 2007:(147,151)     |
| 26.3:(176,180)     |
| 7:(193,194)        |
| 2.2:(239,242)      |
| 6:(242,243)        |
| 12:(285,287)       |
| 7:(312,313)        |
| 2005:(355,359)     |
| 17.8:(423,427)     |
| 55:(440,442)       |
| 2006:(489,493)     |
| 2.2:(515,518)      |
| 6:(518,519)        |
| 12:(573,575)       |
| 2.0:(632,635)      |
| 1:(635,636)        |
| 2005:(672,676)     |
| 2005:(697,701)     |
| 0.1:(728,731)      |
| 0:(731,732)        |
| 267:(788,791)      |
| 2006:(878,882)     |
| 7:(888,889)        |
| 2.1:(937,940)      |
| 1:(940,941)        |
| 2006:(1015,1019)   |
| 0.0:(1058,1061)    |
| 6:(1061,1062)      |
| 3.5:(1162,1165)    |
| 3.2:(1189,1192)    |
| 2005:(1226,1230)   |
| 8:(1247,1248)      |
| 2:(1320,1321)      |
| 2005:(1363,1367)   |
| 3.4:(1406,1409)    |
| 2006:(1491,1495)   |
| 26.3:(1500,1504)   |
| 7:(1523,1524)      |
| 4:(1534,1535)      |
| 2005:(1596,1600)   |
| 11.1:(2073,2077)   |
| 6:(2102,2103)      |
| 5:(2125,2126)      |
| 2005:(2169,2173)   |
| 9.3:(2228,2231)    |
| 11:(2244,2246)     |
| 3:(2256,2257)      |
| 7:(2324,2325)      |
| 5:(2335,2336)      |
| 4.8:(2374,2377)    |
| 1.0:(2406,2409)    |
| 3:(2424,2425)      |
| 2005:(2452,2456)   |
| 5.6:(2517,2520)    |
| 14:(2545,2547)     |
| 11:(2557,2559)     |
| 2005:(2629,2633)   |
| 4.4:(2766,2769)    |
| 18:(2782,2784)     |
| 2005:(2822,2826)   |
| 2:(2865,2866)      |
| 642:(2879,2882)    |
| 22:(3284,3286)     |
| 28:(3409,3411)     |
| 25:(3581,3583)     |
| 30:(3743,3745)     |
| 12:(3880,3882)     |
| 7:(4023,4024)      |
| 4:(4034,4035)      |
| 8.6:(4073,4076)    |
| 6:(4147,4148)      |
| 3:(4158,4159)      |
| 4.2:(4197,4200)    |
| 17.8:(4250,4254)   |
| 55:(4267,4269)     |
| 116:(4502,4505)    |
| 5:(4531,4532)      |
| 7.1:(4643,4646)    |
| 3:(4675,4676)      |
| 5:(4771,4772)      |
| 6:(4935,4936)      |
| 4:(5004,5005)      |
| 2005:(5032,5036)   |
| 7:(5090,5091)      |
| 10:(5150,5152)     |
| 6:(5203,5204)      |
| 9:(5256,5257)      |
| 3:(5314,5315)      |
| 620:(5381,5384)    |
| 44.6:(5441,5445)   |
| 2006:(5461,5465)   |
| 44.1:(5495,5499)   |
| 2005:(5515,5519)   |
| 11:(5572,5574)     |
| 6.9:(5587,5590)    |
| 7:(5659,5660)      |
| 5.6:(5673,5676)    |
| 9:(5709,5710)      |
| 241:(5820,5823)    |
| 228:(5847,5850)    |
| 150:(5921,5924)    |
| 2006:(5958,5962)   |
| 334:(5981,5984)    |
| 2005:(6018,6022)   |
| 140:(6247,6250)    |
| 2006:(6323,6327)   |
| 28.0:(6332,6336)   |
| 29.5:(6359,6363)   |
| 2005:(6397,6401)   |
| 2006:(6694,6698)   |
| 3.5:(6704,6707)    |
| 2.3:(6721,6724)    |
| 1:(6724,6725)      |
| 76:(6835,6837)     |
| 2005:(6883,6887)   |
| 3.2:(6903,6906)    |
| 1.9:(6920,6923)    |
| 9:(6923,6924)      |
| 3:(6999,7000)      |
| 47:(7079,7081)     |
| 36:(7104,7106)     |
| 1.4:(7160,7163)    |
| 2006:(7282,7286)   |
| 1.5:(7291,7294)    |
| 3:(7294,7295)      |
| 1.6:(7318,7321)    |
| 0:(7321,7322)      |
| 2005:(7360,7364)   |
| 2006:(7379,7383)   |
| 91.4:(7413,7417)   |
| 4:(7430,7431)      |
| 9.4:(7516,7519)    |
| 18:(7532,7534)     |
| 9:(7562,7563)      |
| 2005:(7582,7586)   |
| 6.0:(7631,7634)    |
| 6:(7634,7635)      |
| 23:(7677,7679)     |
| 14:(7707,7709)     |
| 2005:(7728,7732)   |
| 15.3:(7785,7789)   |
| 2.2:(7803,7806)    |
| 6.0:(7918,7921)    |
| 6:(7921,7922)      |
| 4.9:(7938,7941)    |
| 1:(7941,7942)      |
| 2005:(7969,7973)   |
| 0.4:(7993,7996)    |
| 0:(7996,7997)      |
| 23:(8055,8057)     |
| 2005:(8097,8101)   |
| 2006:(8123,8127)   |
| 0.7:(8139,8142)    |
| 4:(8142,8143)      |
| 14:(8158,8160)     |
| 31:(8274,8276)     |
| 2006:(8278,8282)   |
| 9.4:(8288,8291)    |
| 8.0:(8316,8319)    |
| 18:(8358,8360)     |
| 525:(8398,8401)    |
| 2005:(8443,8447)   |
| 267:(8543,8546)    |
| 1.7:(8628,8631)    |
| 1.1:(8656,8659)    |
| 775:(8735,8738)    |
| 2005:(8842,8846)   |
| 9:(8901,8902)      |
| 2006:(8970,8974)   |
| 91.4:(8984,8988)   |
| 91.1:(9069,9073)   |
| 2005:(9086,9090)   |
| 2.9:(9123,9126)    |
| 2005:(9164,9168)   |
| 4:(9230,9231)      |
| 3:(9241,9242)      |
| 2005:(9294,9298)   |
| 39.5:(9379,9383)   |
| 2:(9408,9409)      |
| 4:(9431,9432)      |
| 2005:(9483,9487)   |
| 30.5:(9542,9546)   |
| 2:(9577,9578)      |
| 6:(9653,9654)      |
| 2:(9667,9668)      |
| 17.6:(9714,9718)   |
| 3.9:(9747,9750)    |
| 18:(9763,9765)     |
| 2005:(9788,9792)   |
| 2006:(9826,9830)   |
| 18.2:(9840,9844)   |
| 8:(9869,9870)      |
| 7:(9880,9881)      |
| 32.3:(9978,9982)   |
| 3:(10007,10008)    |
| 2:(10018,10019)    |
| 2005:(10067,10071) |
| 16.0:(10130,10134) |
| 1:(10153,10154)    |
| 22.0:(10217,10221) |
| 5:(10246,10247)    |
| 4:(10257,10258)    |
| 2.4:(10328,10331)  |
| 2:(10355,10356)    |
| 2:(10366,10367)    |
| 2006:(10442,10446) |
| 9.5:(10452,10455)  |
| 6.1:(10469,10472)  |
| 1:(10472,10473)    |
| 76:(10583,10585)   |
| 2005:(10613,10617) |
| 7.9:(10633,10636)  |
| 4.8:(10650,10653)  |
| 7:(10653,10654)    |
| 24:(10729,10731)   |
| 47:(10810,10812)   |
| 36:(10835,10837)   |
| 2006:(10860,10864) |
| 10.7:(10871,10875) |
| 15.3:(11011,11015) |
| 2.2:(11042,11045)  |
| 158:(11259,11262)  |
| 158:(11269,11272)  |
| 2006:(11415,11419) |
| 158:(11771,11774)  |
| 31:(11787,11789)   |
| 2006:(11791,11795) |
| 9.2:(11829,11832)  |
| 0.3:(11872,11875)  |
| 9.5:(11921,11924)  |
| 8.0:(12151,12154)  |
| 2006:(12166,12170) |
| 2006:(12240,12244) |
| 1.5:(12249,12252)  |
| 5:(12252,12253)    |
| 1.6:(12276,12279)  |
| 3:(12279,12280)    |
| 2005:(12299,12303) |
| 31:(12320,12322)   |
| 2006:(12324,12328) |
| 1.5:(12341,12344)  |
| 1:(12344,12345)    |
| 22.7:(12433,12437) |
| 22.6:(12462,12466) |
| 2005:(12487,12491) |
| 1.5:(12583,12586)  |
| 2006:(12609,12613) |
| 1.8:(12652,12655)  |
| 2005:(12678,12682) |
| 22.3:(12698,12702) |
| 6.9:(12751,12754)  |
| 1:(12758,12759)    |
| 1995:(13031,13035) |
| 10:(14184,14186)   |
| 10:(14195,14197)   |
| 8:(15358,15359)    |
+--------------------+
258 rows in set

View: Unit
+-----------------------+
| unit                  |
+-----------------------+
| billion:(181,188)     |
| percent:(195,202)     |
| percent:(288,295)     |
| percent:(314,321)     |
| billion:(428,435)     |
| percent:(443,450)     |
| percent:(576,583)     |
| million:(792,799)     |
| percent:(890,897)     |
| billion:(1166,1173)   |
| billion:(1193,1200)   |
| percent:(1249,1256)   |
| percent:(1322,1329)   |
| billion:(1410,1417)   |
| billion:(1505,1512)   |
| percent:(1525,1532)   |
| percent:(1536,1543)   |
| billion:(2078,2085)   |
| percent:(2104,2111)   |
| percent:(2127,2134)   |
| billion:(2232,2239)   |
| percent:(2247,2254)   |
| percent:(2258,2265)   |
| percent:(2326,2333)   |
| percent:(2337,2344)   |
| billion:(2378,2385)   |
| billion:(2410,2417)   |
| percent:(2426,2433)   |
| billion:(2521,2528)   |
| percent:(2548,2555)   |
| percent:(2560,2567)   |
| billion:(2770,2777)   |
| percent:(2785,2792)   |
| percent:(2867,2874)   |
| million:(2883,2890)   |
| percent:(3287,3294)   |
| percent:(3412,3419)   |
| percent:(3584,3591)   |
| percent:(3746,3753)   |
| percent:(3883,3890)   |
| percent:(4025,4032)   |
| percent:(4036,4043)   |
| billion:(4077,4084)   |
| percent:(4149,4156)   |
| percent:(4160,4167)   |
| billion:(4201,4208)   |
| billion:(4255,4262)   |
| percent:(4270,4277)   |
| billion:(4506,4513)   |
| billion:(4533,4540)   |
| billion:(4647,4654)   |
| percent:(4677,4684)   |
| percent:(4773,4780)   |
| million:(4887,4894)   |
| percent:(4937,4944)   |
| percent:(5006,5013)   |
| percent:(5092,5099)   |
| percent:(5153,5160)   |
| percent:(5205,5212)   |
| percent:(5258,5265)   |
| percent:(5316,5323)   |
| million:(5385,5392)   |
| percent:(5446,5453)   |
| percent:(5500,5507)   |
| percent:(5575,5582)   |
| billion:(5591,5598)   |
| percent:(5661,5668)   |
| billion:(5677,5684)   |
| percent:(5711,5718)   |
| million:(5824,5831)   |
| million:(5851,5858)   |
| million:(5925,5932)   |
| million:(5985,5992)   |
| million:(6251,6258)   |
| percent:(6337,6344)   |
| percent:(6364,6371)   |
| billion:(6708,6715)   |
| million:(6838,6845)   |
| billion:(6907,6914)   |
| million:(7001,7008)   |
| million:(7107,7114)   |
| billion:(7164,7171)   |
| billion:(7296,7303)   |
| billion:(7323,7330)   |
| billion:(7418,7425)   |
| percent:(7432,7439)   |
| billion:(7520,7527)   |
| percent:(7535,7542)   |
| percent:(7564,7571)   |
| percent:(7680,7687)   |
| percent:(7710,7717)   |
| billion:(7790,7797)   |
| billion:(7807,7814)   |
| percent:(8058,8065)   |
| percent:(8161,8168)   |
| billion:(8292,8299)   |
| billion:(8320,8327)   |
| percent:(8361,8368)   |
| million:(8402,8409)   |
| million:(8547,8554)   |
| billion:(8632,8639)   |
| billion:(8660,8667)   |
| million:(8739,8746)   |
| percent:(8903,8910)   |
| billion:(8989,8996)   |
| billion:(9074,9081)   |
| billion:(9127,9134)   |
| percent:(9232,9239)   |
| percent:(9243,9250)   |
| billion:(9384,9391)   |
| percent:(9410,9417)   |
| percent:(9433,9440)   |
| billion:(9547,9554)   |
| percent:(9579,9586)   |
| percent:(9655,9662)   |
| percent:(9669,9676)   |
| billion:(9719,9726)   |
| billion:(9751,9758)   |
| percent:(9766,9773)   |
| billion:(9845,9852)   |
| percent:(9871,9878)   |
| percent:(9882,9889)   |
| billion:(9983,9990)   |
| percent:(10009,10016) |
| percent:(10020,10027) |
| billion:(10135,10142) |
| percent:(10155,10162) |
| billion:(10222,10229) |
| percent:(10248,10255) |
| percent:(10259,10266) |
| billion:(10332,10339) |
| percent:(10357,10364) |
| percent:(10368,10375) |
| billion:(10456,10463) |
| million:(10586,10593) |
| billion:(10637,10644) |
| million:(10732,10739) |
| million:(10838,10845) |
| billion:(10876,10883) |
| billion:(11016,11023) |
| billion:(11046,11053) |
| billion:(11833,11840) |
| billion:(11876,11883) |
| billion:(11925,11932) |
| billion:(12155,12162) |
| billion:(12254,12261) |
| billion:(12281,12288) |
| billion:(12346,12353) |
| billion:(12438,12445) |
| billion:(12467,12474) |
| percent:(12587,12594) |
| billion:(12656,12663) |
| billion:(12703,12710) |
+-----------------------+
153 rows in set

View: Money
+-----------------+-----------------------------+--------------------+-----------------------+
| dollar          | money                       | number             | unit                  |
+-----------------+-----------------------------+--------------------+-----------------------+
| $:(175,176)     | $26.3 billion:(175,188)     | 26.3:(176,180)     | billion:(181,188)     |
| $:(422,423)     | $17.8 billion:(422,435)     | 17.8:(423,427)     | billion:(428,435)     |
| $:(787,788)     | $267 million:(787,799)      | 267:(788,791)      | million:(792,799)     |
| $:(1161,1162)   | $3.5 billion:(1161,1173)    | 3.5:(1162,1165)    | billion:(1166,1173)   |
| $:(1188,1189)   | $3.2 billion:(1188,1200)    | 3.2:(1189,1192)    | billion:(1193,1200)   |
| $:(1405,1406)   | $3.4 billion:(1405,1417)    | 3.4:(1406,1409)    | billion:(1410,1417)   |
| $:(1499,1500)   | $26.3 billion:(1499,1512)   | 26.3:(1500,1504)   | billion:(1505,1512)   |
| $:(2072,2073)   | $11.1 billion:(2072,2085)   | 11.1:(2073,2077)   | billion:(2078,2085)   |
| $:(2227,2228)   | $9.3 billion:(2227,2239)    | 9.3:(2228,2231)    | billion:(2232,2239)   |
| $:(2373,2374)   | $4.8 billion:(2373,2385)    | 4.8:(2374,2377)    | billion:(2378,2385)   |
| $:(2405,2406)   | $1.0 billion:(2405,2417)    | 1.0:(2406,2409)    | billion:(2410,2417)   |
| $:(2516,2517)   | $5.6 billion:(2516,2528)    | 5.6:(2517,2520)    | billion:(2521,2528)   |
| $:(2765,2766)   | $4.4 billion:(2765,2777)    | 4.4:(2766,2769)    | billion:(2770,2777)   |
| $:(2878,2879)   | $642 million:(2878,2890)    | 642:(2879,2882)    | million:(2883,2890)   |
| $:(4072,4073)   | $8.6 billion:(4072,4084)    | 8.6:(4073,4076)    | billion:(4077,4084)   |
| $:(4196,4197)   | $4.2 billion:(4196,4208)    | 4.2:(4197,4200)    | billion:(4201,4208)   |
| $:(4249,4250)   | $17.8 billion:(4249,4262)   | 17.8:(4250,4254)   | billion:(4255,4262)   |
| $:(4501,4502)   | $116 billion:(4501,4513)    | 116:(4502,4505)    | billion:(4506,4513)   |
| $:(4530,4531)   | $5 billion:(4530,4540)      | 5:(4531,4532)      | billion:(4533,4540)   |
| $:(4642,4643)   | $7.1 billion:(4642,4654)    | 7.1:(4643,4646)    | billion:(4647,4654)   |
| $:(5380,5381)   | $620 million:(5380,5392)    | 620:(5381,5384)    | million:(5385,5392)   |
| $:(5586,5587)   | $6.9 billion:(5586,5598)    | 6.9:(5587,5590)    | billion:(5591,5598)   |
| $:(5672,5673)   | $5.6 billion:(5672,5684)    | 5.6:(5673,5676)    | billion:(5677,5684)   |
| $:(5819,5820)   | $241 million:(5819,5831)    | 241:(5820,5823)    | million:(5824,5831)   |
| $:(5846,5847)   | $228 million:(5846,5858)    | 228:(5847,5850)    | million:(5851,5858)   |
| $:(5920,5921)   | $150 million:(5920,5932)    | 150:(5921,5924)    | million:(5925,5932)   |
| $:(5980,5981)   | $334 million:(5980,5992)    | 334:(5981,5984)    | million:(5985,5992)   |
| $:(6246,6247)   | $140 million:(6246,6258)    | 140:(6247,6250)    | million:(6251,6258)   |
| $:(6703,6704)   | $3.5 billion:(6703,6715)    | 3.5:(6704,6707)    | billion:(6708,6715)   |
| $:(6834,6835)   | $76 million:(6834,6845)     | 76:(6835,6837)     | million:(6838,6845)   |
| $:(6902,6903)   | $3.2 billion:(6902,6914)    | 3.2:(6903,6906)    | billion:(6907,6914)   |
| $:(6998,6999)   | $3 million:(6998,7008)      | 3:(6999,7000)      | million:(7001,7008)   |
| $:(7103,7104)   | $36 million:(7103,7114)     | 36:(7104,7106)     | million:(7107,7114)   |
| $:(7159,7160)   | $1.4 billion:(7159,7171)    | 1.4:(7160,7163)    | billion:(7164,7171)   |
| $:(7412,7413)   | $91.4 billion:(7412,7425)   | 91.4:(7413,7417)   | billion:(7418,7425)   |
| $:(7515,7516)   | $9.4 billion:(7515,7527)    | 9.4:(7516,7519)    | billion:(7520,7527)   |
| $:(7784,7785)   | $15.3 billion:(7784,7797)   | 15.3:(7785,7789)   | billion:(7790,7797)   |
| $:(7802,7803)   | $2.2 billion:(7802,7814)    | 2.2:(7803,7806)    | billion:(7807,7814)   |
| $:(8287,8288)   | $9.4 billion:(8287,8299)    | 9.4:(8288,8291)    | billion:(8292,8299)   |
| $:(8315,8316)   | $8.0 billion:(8315,8327)    | 8.0:(8316,8319)    | billion:(8320,8327)   |
| $:(8397,8398)   | $525 million:(8397,8409)    | 525:(8398,8401)    | million:(8402,8409)   |
| $:(8542,8543)   | $267 million:(8542,8554)    | 267:(8543,8546)    | million:(8547,8554)   |
| $:(8627,8628)   | $1.7 billion:(8627,8639)    | 1.7:(8628,8631)    | billion:(8632,8639)   |
| $:(8655,8656)   | $1.1 billion:(8655,8667)    | 1.1:(8656,8659)    | billion:(8660,8667)   |
| $:(8734,8735)   | $775 million:(8734,8746)    | 775:(8735,8738)    | million:(8739,8746)   |
| $:(8983,8984)   | $91.4 billion:(8983,8996)   | 91.4:(8984,8988)   | billion:(8989,8996)   |
| $:(9068,9069)   | $91.1 billion:(9068,9081)   | 91.1:(9069,9073)   | billion:(9074,9081)   |
| $:(9122,9123)   | $2.9 billion:(9122,9134)    | 2.9:(9123,9126)    | billion:(9127,9134)   |
| $:(9378,9379)   | $39.5 billion:(9378,9391)   | 39.5:(9379,9383)   | billion:(9384,9391)   |
| $:(9541,9542)   | $30.5 billion:(9541,9554)   | 30.5:(9542,9546)   | billion:(9547,9554)   |
| $:(9713,9714)   | $17.6 billion:(9713,9726)   | 17.6:(9714,9718)   | billion:(9719,9726)   |
| $:(9746,9747)   | $3.9 billion:(9746,9758)    | 3.9:(9747,9750)    | billion:(9751,9758)   |
| $:(9839,9840)   | $18.2 billion:(9839,9852)   | 18.2:(9840,9844)   | billion:(9845,9852)   |
| $:(9977,9978)   | $32.3 billion:(9977,9990)   | 32.3:(9978,9982)   | billion:(9983,9990)   |
| $:(10129,10130) | $16.0 billion:(10129,10142) | 16.0:(10130,10134) | billion:(10135,10142) |
| $:(10216,10217) | $22.0 billion:(10216,10229) | 22.0:(10217,10221) | billion:(10222,10229) |
| $:(10327,10328) | $2.4 billion:(10327,10339)  | 2.4:(10328,10331)  | billion:(10332,10339) |
| $:(10451,10452) | $9.5 billion:(10451,10463)  | 9.5:(10452,10455)  | billion:(10456,10463) |
| $:(10582,10583) | $76 million:(10582,10593)   | 76:(10583,10585)   | million:(10586,10593) |
| $:(10632,10633) | $7.9 billion:(10632,10644)  | 7.9:(10633,10636)  | billion:(10637,10644) |
| $:(10728,10729) | $24 million:(10728,10739)   | 24:(10729,10731)   | million:(10732,10739) |
| $:(10834,10835) | $36 million:(10834,10845)   | 36:(10835,10837)   | million:(10838,10845) |
| $:(10870,10871) | $10.7 billion:(10870,10883) | 10.7:(10871,10875) | billion:(10876,10883) |
| $:(11010,11011) | $15.3 billion:(11010,11023) | 15.3:(11011,11015) | billion:(11016,11023) |
| $:(11041,11042) | $2.2 billion:(11041,11053)  | 2.2:(11042,11045)  | billion:(11046,11053) |
| $:(11828,11829) | $9.2 billion:(11828,11840)  | 9.2:(11829,11832)  | billion:(11833,11840) |
| $:(11871,11872) | $0.3 billion:(11871,11883)  | 0.3:(11872,11875)  | billion:(11876,11883) |
| $:(11920,11921) | $9.5 billion:(11920,11932)  | 9.5:(11921,11924)  | billion:(11925,11932) |
| $:(12150,12151) | $8.0 billion:(12150,12162)  | 8.0:(12151,12154)  | billion:(12155,12162) |
| $:(12432,12433) | $22.7 billion:(12432,12445) | 22.7:(12433,12437) | billion:(12438,12445) |
| $:(12461,12462) | $22.6 billion:(12461,12474) | 22.6:(12462,12466) | billion:(12467,12474) |
| $:(12651,12652) | $1.8 billion:(12651,12663)  | 1.8:(12652,12655)  | billion:(12656,12663) |
| $:(12697,12698) | $22.3 billion:(12697,12710) | 22.3:(12698,12702) | billion:(12703,12710) |
+-----------------+-----------------------------+--------------------+-----------------------+
73 rows in set

View: Revenue
+------------------------+
| revenue                |
+------------------------+
| revenues:(163,171)     |
| revenues:(1456,1464)   |
| revenues:(2058,2066)   |
| revenues:(2305,2313)   |
| revenues:(2391,2399)   |
| revenues:(2846,2854)   |
| revenues:(3265,3273)   |
| revenues:(3597,3605)   |
| revenues:(3972,3980)   |
| revenues:(4098,4106)   |
| revenues:(4722,4730)   |
| revenues:(5105,5113)   |
| revenues:(5217,5225)   |
| revenues:(5295,5303)   |
| revenue:(7401,7408)    |
| revenues:(9110,9118)   |
| revenues:(9211,9219)   |
| revenues:(9364,9372)   |
| revenues:(9634,9642)   |
| revenues:(9732,9740)   |
| revenues:(9814,9822)   |
| revenues:(10202,10210) |
| revenues:(10310,10318) |
| revenues:(13426,13434) |
+------------------------+
24 rows in set

View: Division
+----------------------------------------+
| division                               |
+----------------------------------------+
| Software:(2494,2502)                   |
| Global Technology Services:(3986,4012) |
| Global Business Services:(4112,4136)   |
| Global Business Services:(4424,4448)   |
| Systems and Technology:(4590,4612)     |
| S&TG:(4620,4624)                       |
| S&TG:(4717,4721)                       |
| Global Financing:(5270,5286)           |
| Global Financing:(7826,7842)           |
| Software:(9797,9805)                   |
| Global Technology Services:(9934,9960) |
| Global Business Services:(10091,10115) |
| S&TG:(10189,10193)                     |
| Global Financing:(10293,10309)         |
| Global Financing:(10976,10992)         |
| Global Financing:(12406,12422)         |
| Global Financing:(12619,12635)         |
| Global Financing:(14981,14997)         |
+----------------------------------------+
18 rows in set

View: RevenueAndDivision
+--------------------------+----------------------------------------+------------------------------------------------------------------------------------------------------------------------------+
| Amount                   | Division                               | RevenueAndDivision                                                                                                           |
+--------------------------+----------------------------------------+------------------------------------------------------------------------------------------------------------------------------+
| $8.6 billion:(4072,4084) | Global Technology Services:(3986,4012) | revenues from Global Technology Services increased 7 percent (4 percent, adjusting for currency) to $8.6 billion:(3972,4084) |
| $4.2 billion:(4196,4208) | Global Business Services:(4112,4136)   | revenues from Global Business Services increased 6 percent (3 percent, adjusting for currency) to $4.2 billion:(4098,4208)   |
+--------------------------+----------------------------------------+------------------------------------------------------------------------------------------------------------------------------+
2 rows in set

View: RevenueAndDivision2
+-----------------------------+------------------------------+----------------------------------------------------------------------------------------------------------------------------------------+
| Amount                      | Division                     | RevenueAndDivision                                                                                                                     |
+-----------------------------+------------------------------+----------------------------------------------------------------------------------------------------------------------------------------+
| $620 million:(5380,5392)    | Global Financing:(5270,5286) | Global Financing segment revenues increased 3 percent (flat, adjusting for currency) in the fourth quarter to $620 million:(5270,5392) |
| $18.2 billion:(9839,9852)   | Software:(9797,9805)         | Software segment revenues in 2006 totaled $18.2 billion:(9797,9852)                                                                    |
| $22.0 billion:(10216,10229) | S&TG:(10189,10193)           | S&TG segment revenues were $22.0 billion:(10189,10229)                                                                                 |
+-----------------------------+------------------------------+----------------------------------------------------------------------------------------------------------------------------------------+
3 rows in set