Dot
Lit(a)
Paren(1, Lit(a))
Lit(a)
Star(Lit(a))
Plus(Lit(a))
Quest(Lit(a))
NgStar(Lit(a))
NgPlus(Lit(a))
NgQuest(Lit(a))
Cat(Lit(h), Lit(i))
Alt(Lit(a), Lit(b))
Alt(Alt(Lit(-), Cat(Lit(-), Lit(-))), Cat(Cat(Lit(-), Lit(-)), Lit(-)))
Alt(Alt(Star(Dot), Plus(Dot)), Quest(Dot))
Cat(Cat(Cat(Cat(Cat(Cat(Cat(Cat(Cat(Cat(Cat(Lit(h), Lit(e)), Lit(l)), Lit(l)), Lit(o)), Lit( )), Lit( )), Lit(w)), Lit(o)), Lit(r)), Lit(l)), Lit(d))
Cat(Cat(Cat(Lit(\), Lit(r)), Lit(\)), Lit(n))
Cat(Cat(Cat(Cat(Lit(\), Lit(t)), Lit( )), Lit(\)), Lit(\))
Cat(Lit("), Lit("))
Cat(Lit('), Lit('))
Cat(Cat(Lit(A), Dot), NgStar(Paren(1, Alt(Lit(B), Lit(C)))))
Alt(Quest(Paren(1, Star(Lit(a)))), Star(Paren(2, Plus(Lit(a)))))
NgQuest(Paren(1, Plus(Paren(2, Star(Lit(a))))))
Paren(1, Alt(Cat(Dot, Lit(a)), Cat(Cat(Cat(Cat(Cat(Lit(b), Lit(c)), NgStar(Lit(d))), Lit(e)), Paren(2, Cat(Lit(f), Lit(g)))), Cat(Lit(h), Lit(i)))))
Cat(Paren(1, Lit(a)), Paren(2, Lit(b)))
Paren(1, Paren(2, Alt(Cat(Cat(Lit(a), Lit(n)), Lit(d)), Cat(Lit(o), Lit(r)))))
Paren(1, Alt(Cat(Cat(Lit(a), Lit(n)), Lit(d)), Cat(Lit(o), Lit(r))))
Paren(1, Alt(Cat(Cat(Lit(a), Lit(n)), Lit(d)), Cat(Lit(o), Lit(r))))
